ERROR - 2024-07-17 18:05:18 --> mysqli_sql_exception: Duplicate entry '500' for key 'PRIMARY' in C:\xampp\htdocs\telefonia\system\Database\MySQLi\Connection.php:312
Stack trace:
#0 C:\xampp\htdocs\telefonia\system\Database\MySQLi\Connection.php(312): mysqli->query('INSERT INTO `pl...', 0)
#1 C:\xampp\htdocs\telefonia\system\Database\BaseConnection.php(734): CodeIgniter\Database\MySQLi\Connection->execute('INSERT INTO `pl...')
#2 C:\xampp\htdocs\telefonia\system\Database\BaseConnection.php(648): CodeIgniter\Database\BaseConnection->simpleQuery('INSERT INTO `pl...')
#3 C:\xampp\htdocs\telefonia\system\Database\BaseBuilder.php(2332): CodeIgniter\Database\BaseConnection->query('INSERT INTO `pl...', Array, false)
#4 C:\xampp\htdocs\telefonia\system\Model.php(394): CodeIgniter\Database\BaseBuilder->insert()
#5 C:\xampp\htdocs\telefonia\system\BaseModel.php(840): CodeIgniter\Model->doInsert(Array)
#6 C:\xampp\htdocs\telefonia\system\Model.php(802): CodeIgniter\BaseModel->insert(Array, true)
#7 C:\xampp\htdocs\telefonia\app\Controllers\PlanesController.php(43): CodeIgniter\Model->insert(Array)
#8 C:\xampp\htdocs\telefonia\system\CodeIgniter.php(933): App\Controllers\PlanesController->agregarPlan()
#9 C:\xampp\htdocs\telefonia\system\CodeIgniter.php(509): CodeIgniter\CodeIgniter->runController(Object(App\Controllers\PlanesController))
#10 C:\xampp\htdocs\telefonia\system\CodeIgniter.php(355): CodeIgniter\CodeIgniter->handleRequest(NULL, Object(Config\Cache), false)
#11 C:\xampp\htdocs\telefonia\system\Boot.php(325): CodeIgniter\CodeIgniter->run()
#12 C:\xampp\htdocs\telefonia\system\Boot.php(67): CodeIgniter\Boot::runCodeIgniter(Object(CodeIgniter\CodeIgniter))
#13 C:\xampp\htdocs\telefonia\public\index.php(56): CodeIgniter\Boot::bootWeb(Object(Config\Paths))
#14 {main}
CRITICAL - 2024-07-17 18:05:18 --> CodeIgniter\Database\Exceptions\DatabaseException: Duplicate entry '500' for key 'PRIMARY'
[Method: POST, Route: agregar_plan]
in SYSTEMPATH\Database\BaseConnection.php on line 688.
 1 SYSTEMPATH\Database\BaseBuilder.php(2332): CodeIgniter\Database\BaseConnection->query('INSERT INTO `planes` (`plan_id`, `nombre`, `pago_mensual`, `cantidad_minutos`) VALUES (:plan_id:, :nombre:, :pago_mensual:, :cantidad_minutos:)', [...], false)
 2 SYSTEMPATH\Model.php(394): CodeIgniter\Database\BaseBuilder->insert()
 3 SYSTEMPATH\BaseModel.php(840): CodeIgniter\Model->doInsert([...])
 4 SYSTEMPATH\Model.php(802): CodeIgniter\BaseModel->insert([...], true)
 5 APPPATH\Controllers\PlanesController.php(43): CodeIgniter\Model->insert([...])
 6 SYSTEMPATH\CodeIgniter.php(933): App\Controllers\PlanesController->agregarPlan()
 7 SYSTEMPATH\CodeIgniter.php(509): CodeIgniter\CodeIgniter->runController(Object(App\Controllers\PlanesController))
 8 SYSTEMPATH\CodeIgniter.php(355): CodeIgniter\CodeIgniter->handleRequest(null, Object(Config\Cache), false)
 9 SYSTEMPATH\Boot.php(325): CodeIgniter\CodeIgniter->run()
10 SYSTEMPATH\Boot.php(67): CodeIgniter\Boot::runCodeIgniter(Object(CodeIgniter\CodeIgniter))
11 FCPATH\index.php(56): CodeIgniter\Boot::bootWeb(Object(Config\Paths))
CRITICAL - 2024-07-17 18:05:18 --> [Caused by] CodeIgniter\Database\Exceptions\DatabaseException: Duplicate entry '500' for key 'PRIMARY'
in SYSTEMPATH\Database\MySQLi\Connection.php on line 317.
 1 SYSTEMPATH\Database\BaseConnection.php(734): CodeIgniter\Database\MySQLi\Connection->execute('INSERT INTO `planes` (`plan_id`, `nombre`, `pago_mensual`, `cantidad_minutos`) VALUES (\'500\', \'estudiante\', \'500\', \'100\')')
 2 SYSTEMPATH\Database\BaseConnection.php(648): CodeIgniter\Database\BaseConnection->simpleQuery('INSERT INTO `planes` (`plan_id`, `nombre`, `pago_mensual`, `cantidad_minutos`) VALUES (\'500\', \'estudiante\', \'500\', \'100\')')
 3 SYSTEMPATH\Database\BaseBuilder.php(2332): CodeIgniter\Database\BaseConnection->query('INSERT INTO `planes` (`plan_id`, `nombre`, `pago_mensual`, `cantidad_minutos`) VALUES (:plan_id:, :nombre:, :pago_mensual:, :cantidad_minutos:)', [...], false)
 4 SYSTEMPATH\Model.php(394): CodeIgniter\Database\BaseBuilder->insert()
 5 SYSTEMPATH\BaseModel.php(840): CodeIgniter\Model->doInsert([...])
 6 SYSTEMPATH\Model.php(802): CodeIgniter\BaseModel->insert([...], true)
 7 APPPATH\Controllers\PlanesController.php(43): CodeIgniter\Model->insert([...])
 8 SYSTEMPATH\CodeIgniter.php(933): App\Controllers\PlanesController->agregarPlan()
 9 SYSTEMPATH\CodeIgniter.php(509): CodeIgniter\CodeIgniter->runController(Object(App\Controllers\PlanesController))
10 SYSTEMPATH\CodeIgniter.php(355): CodeIgniter\CodeIgniter->handleRequest(null, Object(Config\Cache), false)
11 SYSTEMPATH\Boot.php(325): CodeIgniter\CodeIgniter->run()
12 SYSTEMPATH\Boot.php(67): CodeIgniter\Boot::runCodeIgniter(Object(CodeIgniter\CodeIgniter))
13 FCPATH\index.php(56): CodeIgniter\Boot::bootWeb(Object(Config\Paths))
CRITICAL - 2024-07-17 18:05:18 --> [Caused by] mysqli_sql_exception: Duplicate entry '500' for key 'PRIMARY'
in SYSTEMPATH\Database\MySQLi\Connection.php on line 312.
 1 SYSTEMPATH\Database\MySQLi\Connection.php(312): mysqli->query('INSERT INTO `planes` (`plan_id`, `nombre`, `pago_mensual`, `cantidad_minutos`) VALUES (\'500\', \'estudiante\', \'500\', \'100\')', 0)
 2 SYSTEMPATH\Database\BaseConnection.php(734): CodeIgniter\Database\MySQLi\Connection->execute('INSERT INTO `planes` (`plan_id`, `nombre`, `pago_mensual`, `cantidad_minutos`) VALUES (\'500\', \'estudiante\', \'500\', \'100\')')
 3 SYSTEMPATH\Database\BaseConnection.php(648): CodeIgniter\Database\BaseConnection->simpleQuery('INSERT INTO `planes` (`plan_id`, `nombre`, `pago_mensual`, `cantidad_minutos`) VALUES (\'500\', \'estudiante\', \'500\', \'100\')')
 4 SYSTEMPATH\Database\BaseBuilder.php(2332): CodeIgniter\Database\BaseConnection->query('INSERT INTO `planes` (`plan_id`, `nombre`, `pago_mensual`, `cantidad_minutos`) VALUES (:plan_id:, :nombre:, :pago_mensual:, :cantidad_minutos:)', [...], false)
 5 SYSTEMPATH\Model.php(394): CodeIgniter\Database\BaseBuilder->insert()
 6 SYSTEMPATH\BaseModel.php(840): CodeIgniter\Model->doInsert([...])
 7 SYSTEMPATH\Model.php(802): CodeIgniter\BaseModel->insert([...], true)
 8 APPPATH\Controllers\PlanesController.php(43): CodeIgniter\Model->insert([...])
 9 SYSTEMPATH\CodeIgniter.php(933): App\Controllers\PlanesController->agregarPlan()
10 SYSTEMPATH\CodeIgniter.php(509): CodeIgniter\CodeIgniter->runController(Object(App\Controllers\PlanesController))
11 SYSTEMPATH\CodeIgniter.php(355): CodeIgniter\CodeIgniter->handleRequest(null, Object(Config\Cache), false)
12 SYSTEMPATH\Boot.php(325): CodeIgniter\CodeIgniter->run()
13 SYSTEMPATH\Boot.php(67): CodeIgniter\Boot::runCodeIgniter(Object(CodeIgniter\CodeIgniter))
14 FCPATH\index.php(56): CodeIgniter\Boot::bootWeb(Object(Config\Paths))
ERROR - 2024-07-17 18:05:23 --> mysqli_sql_exception: Duplicate entry '500' for key 'PRIMARY' in C:\xampp\htdocs\telefonia\system\Database\MySQLi\Connection.php:312
Stack trace:
#0 C:\xampp\htdocs\telefonia\system\Database\MySQLi\Connection.php(312): mysqli->query('INSERT INTO `pl...', 0)
#1 C:\xampp\htdocs\telefonia\system\Database\BaseConnection.php(734): CodeIgniter\Database\MySQLi\Connection->execute('INSERT INTO `pl...')
#2 C:\xampp\htdocs\telefonia\system\Database\BaseConnection.php(648): CodeIgniter\Database\BaseConnection->simpleQuery('INSERT INTO `pl...')
#3 C:\xampp\htdocs\telefonia\system\Database\BaseBuilder.php(2332): CodeIgniter\Database\BaseConnection->query('INSERT INTO `pl...', Array, false)
#4 C:\xampp\htdocs\telefonia\system\Model.php(394): CodeIgniter\Database\BaseBuilder->insert()
#5 C:\xampp\htdocs\telefonia\system\BaseModel.php(840): CodeIgniter\Model->doInsert(Array)
#6 C:\xampp\htdocs\telefonia\system\Model.php(802): CodeIgniter\BaseModel->insert(Array, true)
#7 C:\xampp\htdocs\telefonia\app\Controllers\PlanesController.php(43): CodeIgniter\Model->insert(Array)
#8 C:\xampp\htdocs\telefonia\system\CodeIgniter.php(933): App\Controllers\PlanesController->agregarPlan()
#9 C:\xampp\htdocs\telefonia\system\CodeIgniter.php(509): CodeIgniter\CodeIgniter->runController(Object(App\Controllers\PlanesController))
#10 C:\xampp\htdocs\telefonia\system\CodeIgniter.php(355): CodeIgniter\CodeIgniter->handleRequest(NULL, Object(Config\Cache), false)
#11 C:\xampp\htdocs\telefonia\system\Boot.php(325): CodeIgniter\CodeIgniter->run()
#12 C:\xampp\htdocs\telefonia\system\Boot.php(67): CodeIgniter\Boot::runCodeIgniter(Object(CodeIgniter\CodeIgniter))
#13 C:\xampp\htdocs\telefonia\public\index.php(56): CodeIgniter\Boot::bootWeb(Object(Config\Paths))
#14 {main}
CRITICAL - 2024-07-17 18:05:23 --> CodeIgniter\Database\Exceptions\DatabaseException: Duplicate entry '500' for key 'PRIMARY'
[Method: POST, Route: agregar_plan]
in SYSTEMPATH\Database\BaseConnection.php on line 688.
 1 SYSTEMPATH\Database\BaseBuilder.php(2332): CodeIgniter\Database\BaseConnection->query('INSERT INTO `planes` (`plan_id`, `nombre`, `pago_mensual`, `cantidad_minutos`) VALUES (:plan_id:, :nombre:, :pago_mensual:, :cantidad_minutos:)', [...], false)
 2 SYSTEMPATH\Model.php(394): CodeIgniter\Database\BaseBuilder->insert()
 3 SYSTEMPATH\BaseModel.php(840): CodeIgniter\Model->doInsert([...])
 4 SYSTEMPATH\Model.php(802): CodeIgniter\BaseModel->insert([...], true)
 5 APPPATH\Controllers\PlanesController.php(43): CodeIgniter\Model->insert([...])
 6 SYSTEMPATH\CodeIgniter.php(933): App\Controllers\PlanesController->agregarPlan()
 7 SYSTEMPATH\CodeIgniter.php(509): CodeIgniter\CodeIgniter->runController(Object(App\Controllers\PlanesController))
 8 SYSTEMPATH\CodeIgniter.php(355): CodeIgniter\CodeIgniter->handleRequest(null, Object(Config\Cache), false)
 9 SYSTEMPATH\Boot.php(325): CodeIgniter\CodeIgniter->run()
10 SYSTEMPATH\Boot.php(67): CodeIgniter\Boot::runCodeIgniter(Object(CodeIgniter\CodeIgniter))
11 FCPATH\index.php(56): CodeIgniter\Boot::bootWeb(Object(Config\Paths))
CRITICAL - 2024-07-17 18:05:23 --> [Caused by] CodeIgniter\Database\Exceptions\DatabaseException: Duplicate entry '500' for key 'PRIMARY'
in SYSTEMPATH\Database\MySQLi\Connection.php on line 317.
 1 SYSTEMPATH\Database\BaseConnection.php(734): CodeIgniter\Database\MySQLi\Connection->execute('INSERT INTO `planes` (`plan_id`, `nombre`, `pago_mensual`, `cantidad_minutos`) VALUES (\'500\', \'estudiante\', \'500\', \'100\')')
 2 SYSTEMPATH\Database\BaseConnection.php(648): CodeIgniter\Database\BaseConnection->simpleQuery('INSERT INTO `planes` (`plan_id`, `nombre`, `pago_mensual`, `cantidad_minutos`) VALUES (\'500\', \'estudiante\', \'500\', \'100\')')
 3 SYSTEMPATH\Database\BaseBuilder.php(2332): CodeIgniter\Database\BaseConnection->query('INSERT INTO `planes` (`plan_id`, `nombre`, `pago_mensual`, `cantidad_minutos`) VALUES (:plan_id:, :nombre:, :pago_mensual:, :cantidad_minutos:)', [...], false)
 4 SYSTEMPATH\Model.php(394): CodeIgniter\Database\BaseBuilder->insert()
 5 SYSTEMPATH\BaseModel.php(840): CodeIgniter\Model->doInsert([...])
 6 SYSTEMPATH\Model.php(802): CodeIgniter\BaseModel->insert([...], true)
 7 APPPATH\Controllers\PlanesController.php(43): CodeIgniter\Model->insert([...])
 8 SYSTEMPATH\CodeIgniter.php(933): App\Controllers\PlanesController->agregarPlan()
 9 SYSTEMPATH\CodeIgniter.php(509): CodeIgniter\CodeIgniter->runController(Object(App\Controllers\PlanesController))
10 SYSTEMPATH\CodeIgniter.php(355): CodeIgniter\CodeIgniter->handleRequest(null, Object(Config\Cache), false)
11 SYSTEMPATH\Boot.php(325): CodeIgniter\CodeIgniter->run()
12 SYSTEMPATH\Boot.php(67): CodeIgniter\Boot::runCodeIgniter(Object(CodeIgniter\CodeIgniter))
13 FCPATH\index.php(56): CodeIgniter\Boot::bootWeb(Object(Config\Paths))
CRITICAL - 2024-07-17 18:05:23 --> [Caused by] mysqli_sql_exception: Duplicate entry '500' for key 'PRIMARY'
in SYSTEMPATH\Database\MySQLi\Connection.php on line 312.
 1 SYSTEMPATH\Database\MySQLi\Connection.php(312): mysqli->query('INSERT INTO `planes` (`plan_id`, `nombre`, `pago_mensual`, `cantidad_minutos`) VALUES (\'500\', \'estudiante\', \'500\', \'100\')', 0)
 2 SYSTEMPATH\Database\BaseConnection.php(734): CodeIgniter\Database\MySQLi\Connection->execute('INSERT INTO `planes` (`plan_id`, `nombre`, `pago_mensual`, `cantidad_minutos`) VALUES (\'500\', \'estudiante\', \'500\', \'100\')')
 3 SYSTEMPATH\Database\BaseConnection.php(648): CodeIgniter\Database\BaseConnection->simpleQuery('INSERT INTO `planes` (`plan_id`, `nombre`, `pago_mensual`, `cantidad_minutos`) VALUES (\'500\', \'estudiante\', \'500\', \'100\')')
 4 SYSTEMPATH\Database\BaseBuilder.php(2332): CodeIgniter\Database\BaseConnection->query('INSERT INTO `planes` (`plan_id`, `nombre`, `pago_mensual`, `cantidad_minutos`) VALUES (:plan_id:, :nombre:, :pago_mensual:, :cantidad_minutos:)', [...], false)
 5 SYSTEMPATH\Model.php(394): CodeIgniter\Database\BaseBuilder->insert()
 6 SYSTEMPATH\BaseModel.php(840): CodeIgniter\Model->doInsert([...])
 7 SYSTEMPATH\Model.php(802): CodeIgniter\BaseModel->insert([...], true)
 8 APPPATH\Controllers\PlanesController.php(43): CodeIgniter\Model->insert([...])
 9 SYSTEMPATH\CodeIgniter.php(933): App\Controllers\PlanesController->agregarPlan()
10 SYSTEMPATH\CodeIgniter.php(509): CodeIgniter\CodeIgniter->runController(Object(App\Controllers\PlanesController))
11 SYSTEMPATH\CodeIgniter.php(355): CodeIgniter\CodeIgniter->handleRequest(null, Object(Config\Cache), false)
12 SYSTEMPATH\Boot.php(325): CodeIgniter\CodeIgniter->run()
13 SYSTEMPATH\Boot.php(67): CodeIgniter\Boot::runCodeIgniter(Object(CodeIgniter\CodeIgniter))
14 FCPATH\index.php(56): CodeIgniter\Boot::bootWeb(Object(Config\Paths))
ERROR - 2024-07-17 18:06:11 --> mysqli_sql_exception: Duplicate entry '500' for key 'PRIMARY' in C:\xampp\htdocs\telefonia\system\Database\MySQLi\Connection.php:312
Stack trace:
#0 C:\xampp\htdocs\telefonia\system\Database\MySQLi\Connection.php(312): mysqli->query('INSERT INTO `pl...', 0)
#1 C:\xampp\htdocs\telefonia\system\Database\BaseConnection.php(734): CodeIgniter\Database\MySQLi\Connection->execute('INSERT INTO `pl...')
#2 C:\xampp\htdocs\telefonia\system\Database\BaseConnection.php(648): CodeIgniter\Database\BaseConnection->simpleQuery('INSERT INTO `pl...')
#3 C:\xampp\htdocs\telefonia\system\Database\BaseBuilder.php(2332): CodeIgniter\Database\BaseConnection->query('INSERT INTO `pl...', Array, false)
#4 C:\xampp\htdocs\telefonia\system\Model.php(394): CodeIgniter\Database\BaseBuilder->insert()
#5 C:\xampp\htdocs\telefonia\system\BaseModel.php(840): CodeIgniter\Model->doInsert(Array)
#6 C:\xampp\htdocs\telefonia\system\Model.php(802): CodeIgniter\BaseModel->insert(Array, true)
#7 C:\xampp\htdocs\telefonia\app\Controllers\PlanesController.php(43): CodeIgniter\Model->insert(Array)
#8 C:\xampp\htdocs\telefonia\system\CodeIgniter.php(933): App\Controllers\PlanesController->agregarPlan()
#9 C:\xampp\htdocs\telefonia\system\CodeIgniter.php(509): CodeIgniter\CodeIgniter->runController(Object(App\Controllers\PlanesController))
#10 C:\xampp\htdocs\telefonia\system\CodeIgniter.php(355): CodeIgniter\CodeIgniter->handleRequest(NULL, Object(Config\Cache), false)
#11 C:\xampp\htdocs\telefonia\system\Boot.php(325): CodeIgniter\CodeIgniter->run()
#12 C:\xampp\htdocs\telefonia\system\Boot.php(67): CodeIgniter\Boot::runCodeIgniter(Object(CodeIgniter\CodeIgniter))
#13 C:\xampp\htdocs\telefonia\public\index.php(56): CodeIgniter\Boot::bootWeb(Object(Config\Paths))
#14 {main}
CRITICAL - 2024-07-17 18:06:11 --> CodeIgniter\Database\Exceptions\DatabaseException: Duplicate entry '500' for key 'PRIMARY'
[Method: POST, Route: agregar_plan]
in SYSTEMPATH\Database\BaseConnection.php on line 688.
 1 SYSTEMPATH\Database\BaseBuilder.php(2332): CodeIgniter\Database\BaseConnection->query('INSERT INTO `planes` (`plan_id`, `nombre`, `pago_mensual`, `cantidad_minutos`) VALUES (:plan_id:, :nombre:, :pago_mensual:, :cantidad_minutos:)', [...], false)
 2 SYSTEMPATH\Model.php(394): CodeIgniter\Database\BaseBuilder->insert()
 3 SYSTEMPATH\BaseModel.php(840): CodeIgniter\Model->doInsert([...])
 4 SYSTEMPATH\Model.php(802): CodeIgniter\BaseModel->insert([...], true)
 5 APPPATH\Controllers\PlanesController.php(43): CodeIgniter\Model->insert([...])
 6 SYSTEMPATH\CodeIgniter.php(933): App\Controllers\PlanesController->agregarPlan()
 7 SYSTEMPATH\CodeIgniter.php(509): CodeIgniter\CodeIgniter->runController(Object(App\Controllers\PlanesController))
 8 SYSTEMPATH\CodeIgniter.php(355): CodeIgniter\CodeIgniter->handleRequest(null, Object(Config\Cache), false)
 9 SYSTEMPATH\Boot.php(325): CodeIgniter\CodeIgniter->run()
10 SYSTEMPATH\Boot.php(67): CodeIgniter\Boot::runCodeIgniter(Object(CodeIgniter\CodeIgniter))
11 FCPATH\index.php(56): CodeIgniter\Boot::bootWeb(Object(Config\Paths))
CRITICAL - 2024-07-17 18:06:11 --> [Caused by] CodeIgniter\Database\Exceptions\DatabaseException: Duplicate entry '500' for key 'PRIMARY'
in SYSTEMPATH\Database\MySQLi\Connection.php on line 317.
 1 SYSTEMPATH\Database\BaseConnection.php(734): CodeIgniter\Database\MySQLi\Connection->execute('INSERT INTO `planes` (`plan_id`, `nombre`, `pago_mensual`, `cantidad_minutos`) VALUES (\'500\', \'estudiante\', \'500\', \'100\')')
 2 SYSTEMPATH\Database\BaseConnection.php(648): CodeIgniter\Database\BaseConnection->simpleQuery('INSERT INTO `planes` (`plan_id`, `nombre`, `pago_mensual`, `cantidad_minutos`) VALUES (\'500\', \'estudiante\', \'500\', \'100\')')
 3 SYSTEMPATH\Database\BaseBuilder.php(2332): CodeIgniter\Database\BaseConnection->query('INSERT INTO `planes` (`plan_id`, `nombre`, `pago_mensual`, `cantidad_minutos`) VALUES (:plan_id:, :nombre:, :pago_mensual:, :cantidad_minutos:)', [...], false)
 4 SYSTEMPATH\Model.php(394): CodeIgniter\Database\BaseBuilder->insert()
 5 SYSTEMPATH\BaseModel.php(840): CodeIgniter\Model->doInsert([...])
 6 SYSTEMPATH\Model.php(802): CodeIgniter\BaseModel->insert([...], true)
 7 APPPATH\Controllers\PlanesController.php(43): CodeIgniter\Model->insert([...])
 8 SYSTEMPATH\CodeIgniter.php(933): App\Controllers\PlanesController->agregarPlan()
 9 SYSTEMPATH\CodeIgniter.php(509): CodeIgniter\CodeIgniter->runController(Object(App\Controllers\PlanesController))
10 SYSTEMPATH\CodeIgniter.php(355): CodeIgniter\CodeIgniter->handleRequest(null, Object(Config\Cache), false)
11 SYSTEMPATH\Boot.php(325): CodeIgniter\CodeIgniter->run()
12 SYSTEMPATH\Boot.php(67): CodeIgniter\Boot::runCodeIgniter(Object(CodeIgniter\CodeIgniter))
13 FCPATH\index.php(56): CodeIgniter\Boot::bootWeb(Object(Config\Paths))
CRITICAL - 2024-07-17 18:06:11 --> [Caused by] mysqli_sql_exception: Duplicate entry '500' for key 'PRIMARY'
in SYSTEMPATH\Database\MySQLi\Connection.php on line 312.
 1 SYSTEMPATH\Database\MySQLi\Connection.php(312): mysqli->query('INSERT INTO `planes` (`plan_id`, `nombre`, `pago_mensual`, `cantidad_minutos`) VALUES (\'500\', \'estudiante\', \'500\', \'100\')', 0)
 2 SYSTEMPATH\Database\BaseConnection.php(734): CodeIgniter\Database\MySQLi\Connection->execute('INSERT INTO `planes` (`plan_id`, `nombre`, `pago_mensual`, `cantidad_minutos`) VALUES (\'500\', \'estudiante\', \'500\', \'100\')')
 3 SYSTEMPATH\Database\BaseConnection.php(648): CodeIgniter\Database\BaseConnection->simpleQuery('INSERT INTO `planes` (`plan_id`, `nombre`, `pago_mensual`, `cantidad_minutos`) VALUES (\'500\', \'estudiante\', \'500\', \'100\')')
 4 SYSTEMPATH\Database\BaseBuilder.php(2332): CodeIgniter\Database\BaseConnection->query('INSERT INTO `planes` (`plan_id`, `nombre`, `pago_mensual`, `cantidad_minutos`) VALUES (:plan_id:, :nombre:, :pago_mensual:, :cantidad_minutos:)', [...], false)
 5 SYSTEMPATH\Model.php(394): CodeIgniter\Database\BaseBuilder->insert()
 6 SYSTEMPATH\BaseModel.php(840): CodeIgniter\Model->doInsert([...])
 7 SYSTEMPATH\Model.php(802): CodeIgniter\BaseModel->insert([...], true)
 8 APPPATH\Controllers\PlanesController.php(43): CodeIgniter\Model->insert([...])
 9 SYSTEMPATH\CodeIgniter.php(933): App\Controllers\PlanesController->agregarPlan()
10 SYSTEMPATH\CodeIgniter.php(509): CodeIgniter\CodeIgniter->runController(Object(App\Controllers\PlanesController))
11 SYSTEMPATH\CodeIgniter.php(355): CodeIgniter\CodeIgniter->handleRequest(null, Object(Config\Cache), false)
12 SYSTEMPATH\Boot.php(325): CodeIgniter\CodeIgniter->run()
13 SYSTEMPATH\Boot.php(67): CodeIgniter\Boot::runCodeIgniter(Object(CodeIgniter\CodeIgniter))
14 FCPATH\index.php(56): CodeIgniter\Boot::bootWeb(Object(Config\Paths))
ERROR - 2024-07-17 18:06:36 --> mysqli_sql_exception: Duplicate entry '500' for key 'PRIMARY' in C:\xampp\htdocs\telefonia\system\Database\MySQLi\Connection.php:312
Stack trace:
#0 C:\xampp\htdocs\telefonia\system\Database\MySQLi\Connection.php(312): mysqli->query('INSERT INTO `pl...', 0)
#1 C:\xampp\htdocs\telefonia\system\Database\BaseConnection.php(734): CodeIgniter\Database\MySQLi\Connection->execute('INSERT INTO `pl...')
#2 C:\xampp\htdocs\telefonia\system\Database\BaseConnection.php(648): CodeIgniter\Database\BaseConnection->simpleQuery('INSERT INTO `pl...')
#3 C:\xampp\htdocs\telefonia\system\Database\BaseBuilder.php(2332): CodeIgniter\Database\BaseConnection->query('INSERT INTO `pl...', Array, false)
#4 C:\xampp\htdocs\telefonia\system\Model.php(394): CodeIgniter\Database\BaseBuilder->insert()
#5 C:\xampp\htdocs\telefonia\system\BaseModel.php(840): CodeIgniter\Model->doInsert(Array)
#6 C:\xampp\htdocs\telefonia\system\Model.php(802): CodeIgniter\BaseModel->insert(Array, true)
#7 C:\xampp\htdocs\telefonia\app\Controllers\PlanesController.php(43): CodeIgniter\Model->insert(Array)
#8 C:\xampp\htdocs\telefonia\system\CodeIgniter.php(933): App\Controllers\PlanesController->agregarPlan()
#9 C:\xampp\htdocs\telefonia\system\CodeIgniter.php(509): CodeIgniter\CodeIgniter->runController(Object(App\Controllers\PlanesController))
#10 C:\xampp\htdocs\telefonia\system\CodeIgniter.php(355): CodeIgniter\CodeIgniter->handleRequest(NULL, Object(Config\Cache), false)
#11 C:\xampp\htdocs\telefonia\system\Boot.php(325): CodeIgniter\CodeIgniter->run()
#12 C:\xampp\htdocs\telefonia\system\Boot.php(67): CodeIgniter\Boot::runCodeIgniter(Object(CodeIgniter\CodeIgniter))
#13 C:\xampp\htdocs\telefonia\public\index.php(56): CodeIgniter\Boot::bootWeb(Object(Config\Paths))
#14 {main}
CRITICAL - 2024-07-17 18:06:36 --> CodeIgniter\Database\Exceptions\DatabaseException: Duplicate entry '500' for key 'PRIMARY'
[Method: POST, Route: agregar_plan]
in SYSTEMPATH\Database\BaseConnection.php on line 688.
 1 SYSTEMPATH\Database\BaseBuilder.php(2332): CodeIgniter\Database\BaseConnection->query('INSERT INTO `planes` (`plan_id`, `nombre`, `pago_mensual`, `cantidad_minutos`) VALUES (:plan_id:, :nombre:, :pago_mensual:, :cantidad_minutos:)', [...], false)
 2 SYSTEMPATH\Model.php(394): CodeIgniter\Database\BaseBuilder->insert()
 3 SYSTEMPATH\BaseModel.php(840): CodeIgniter\Model->doInsert([...])
 4 SYSTEMPATH\Model.php(802): CodeIgniter\BaseModel->insert([...], true)
 5 APPPATH\Controllers\PlanesController.php(43): CodeIgniter\Model->insert([...])
 6 SYSTEMPATH\CodeIgniter.php(933): App\Controllers\PlanesController->agregarPlan()
 7 SYSTEMPATH\CodeIgniter.php(509): CodeIgniter\CodeIgniter->runController(Object(App\Controllers\PlanesController))
 8 SYSTEMPATH\CodeIgniter.php(355): CodeIgniter\CodeIgniter->handleRequest(null, Object(Config\Cache), false)
 9 SYSTEMPATH\Boot.php(325): CodeIgniter\CodeIgniter->run()
10 SYSTEMPATH\Boot.php(67): CodeIgniter\Boot::runCodeIgniter(Object(CodeIgniter\CodeIgniter))
11 FCPATH\index.php(56): CodeIgniter\Boot::bootWeb(Object(Config\Paths))
CRITICAL - 2024-07-17 18:06:36 --> [Caused by] CodeIgniter\Database\Exceptions\DatabaseException: Duplicate entry '500' for key 'PRIMARY'
in SYSTEMPATH\Database\MySQLi\Connection.php on line 317.
 1 SYSTEMPATH\Database\BaseConnection.php(734): CodeIgniter\Database\MySQLi\Connection->execute('INSERT INTO `planes` (`plan_id`, `nombre`, `pago_mensual`, `cantidad_minutos`) VALUES (\'500\', \'estudiante\', \'410\', \'100\')')
 2 SYSTEMPATH\Database\BaseConnection.php(648): CodeIgniter\Database\BaseConnection->simpleQuery('INSERT INTO `planes` (`plan_id`, `nombre`, `pago_mensual`, `cantidad_minutos`) VALUES (\'500\', \'estudiante\', \'410\', \'100\')')
 3 SYSTEMPATH\Database\BaseBuilder.php(2332): CodeIgniter\Database\BaseConnection->query('INSERT INTO `planes` (`plan_id`, `nombre`, `pago_mensual`, `cantidad_minutos`) VALUES (:plan_id:, :nombre:, :pago_mensual:, :cantidad_minutos:)', [...], false)
 4 SYSTEMPATH\Model.php(394): CodeIgniter\Database\BaseBuilder->insert()
 5 SYSTEMPATH\BaseModel.php(840): CodeIgniter\Model->doInsert([...])
 6 SYSTEMPATH\Model.php(802): CodeIgniter\BaseModel->insert([...], true)
 7 APPPATH\Controllers\PlanesController.php(43): CodeIgniter\Model->insert([...])
 8 SYSTEMPATH\CodeIgniter.php(933): App\Controllers\PlanesController->agregarPlan()
 9 SYSTEMPATH\CodeIgniter.php(509): CodeIgniter\CodeIgniter->runController(Object(App\Controllers\PlanesController))
10 SYSTEMPATH\CodeIgniter.php(355): CodeIgniter\CodeIgniter->handleRequest(null, Object(Config\Cache), false)
11 SYSTEMPATH\Boot.php(325): CodeIgniter\CodeIgniter->run()
12 SYSTEMPATH\Boot.php(67): CodeIgniter\Boot::runCodeIgniter(Object(CodeIgniter\CodeIgniter))
13 FCPATH\index.php(56): CodeIgniter\Boot::bootWeb(Object(Config\Paths))
CRITICAL - 2024-07-17 18:06:36 --> [Caused by] mysqli_sql_exception: Duplicate entry '500' for key 'PRIMARY'
in SYSTEMPATH\Database\MySQLi\Connection.php on line 312.
 1 SYSTEMPATH\Database\MySQLi\Connection.php(312): mysqli->query('INSERT INTO `planes` (`plan_id`, `nombre`, `pago_mensual`, `cantidad_minutos`) VALUES (\'500\', \'estudiante\', \'410\', \'100\')', 0)
 2 SYSTEMPATH\Database\BaseConnection.php(734): CodeIgniter\Database\MySQLi\Connection->execute('INSERT INTO `planes` (`plan_id`, `nombre`, `pago_mensual`, `cantidad_minutos`) VALUES (\'500\', \'estudiante\', \'410\', \'100\')')
 3 SYSTEMPATH\Database\BaseConnection.php(648): CodeIgniter\Database\BaseConnection->simpleQuery('INSERT INTO `planes` (`plan_id`, `nombre`, `pago_mensual`, `cantidad_minutos`) VALUES (\'500\', \'estudiante\', \'410\', \'100\')')
 4 SYSTEMPATH\Database\BaseBuilder.php(2332): CodeIgniter\Database\BaseConnection->query('INSERT INTO `planes` (`plan_id`, `nombre`, `pago_mensual`, `cantidad_minutos`) VALUES (:plan_id:, :nombre:, :pago_mensual:, :cantidad_minutos:)', [...], false)
 5 SYSTEMPATH\Model.php(394): CodeIgniter\Database\BaseBuilder->insert()
 6 SYSTEMPATH\BaseModel.php(840): CodeIgniter\Model->doInsert([...])
 7 SYSTEMPATH\Model.php(802): CodeIgniter\BaseModel->insert([...], true)
 8 APPPATH\Controllers\PlanesController.php(43): CodeIgniter\Model->insert([...])
 9 SYSTEMPATH\CodeIgniter.php(933): App\Controllers\PlanesController->agregarPlan()
10 SYSTEMPATH\CodeIgniter.php(509): CodeIgniter\CodeIgniter->runController(Object(App\Controllers\PlanesController))
11 SYSTEMPATH\CodeIgniter.php(355): CodeIgniter\CodeIgniter->handleRequest(null, Object(Config\Cache), false)
12 SYSTEMPATH\Boot.php(325): CodeIgniter\CodeIgniter->run()
13 SYSTEMPATH\Boot.php(67): CodeIgniter\Boot::runCodeIgniter(Object(CodeIgniter\CodeIgniter))
14 FCPATH\index.php(56): CodeIgniter\Boot::bootWeb(Object(Config\Paths))
ERROR - 2024-07-17 18:07:43 --> mysqli_sql_exception: Duplicate entry '500' for key 'PRIMARY' in C:\xampp\htdocs\telefonia\system\Database\MySQLi\Connection.php:312
Stack trace:
#0 C:\xampp\htdocs\telefonia\system\Database\MySQLi\Connection.php(312): mysqli->query('INSERT INTO `pl...', 0)
#1 C:\xampp\htdocs\telefonia\system\Database\BaseConnection.php(734): CodeIgniter\Database\MySQLi\Connection->execute('INSERT INTO `pl...')
#2 C:\xampp\htdocs\telefonia\system\Database\BaseConnection.php(648): CodeIgniter\Database\BaseConnection->simpleQuery('INSERT INTO `pl...')
#3 C:\xampp\htdocs\telefonia\system\Database\BaseBuilder.php(2332): CodeIgniter\Database\BaseConnection->query('INSERT INTO `pl...', Array, false)
#4 C:\xampp\htdocs\telefonia\system\Model.php(394): CodeIgniter\Database\BaseBuilder->insert()
#5 C:\xampp\htdocs\telefonia\system\BaseModel.php(840): CodeIgniter\Model->doInsert(Array)
#6 C:\xampp\htdocs\telefonia\system\Model.php(802): CodeIgniter\BaseModel->insert(Array, true)
#7 C:\xampp\htdocs\telefonia\app\Controllers\PlanesController.php(43): CodeIgniter\Model->insert(Array)
#8 C:\xampp\htdocs\telefonia\system\CodeIgniter.php(933): App\Controllers\PlanesController->agregarPlan()
#9 C:\xampp\htdocs\telefonia\system\CodeIgniter.php(509): CodeIgniter\CodeIgniter->runController(Object(App\Controllers\PlanesController))
#10 C:\xampp\htdocs\telefonia\system\CodeIgniter.php(355): CodeIgniter\CodeIgniter->handleRequest(NULL, Object(Config\Cache), false)
#11 C:\xampp\htdocs\telefonia\system\Boot.php(325): CodeIgniter\CodeIgniter->run()
#12 C:\xampp\htdocs\telefonia\system\Boot.php(67): CodeIgniter\Boot::runCodeIgniter(Object(CodeIgniter\CodeIgniter))
#13 C:\xampp\htdocs\telefonia\public\index.php(56): CodeIgniter\Boot::bootWeb(Object(Config\Paths))
#14 {main}
CRITICAL - 2024-07-17 18:07:43 --> CodeIgniter\Database\Exceptions\DatabaseException: Duplicate entry '500' for key 'PRIMARY'
[Method: POST, Route: agregar_plan]
in SYSTEMPATH\Database\BaseConnection.php on line 688.
 1 SYSTEMPATH\Database\BaseBuilder.php(2332): CodeIgniter\Database\BaseConnection->query('INSERT INTO `planes` (`plan_id`, `nombre`, `pago_mensual`, `cantidad_minutos`) VALUES (:plan_id:, :nombre:, :pago_mensual:, :cantidad_minutos:)', [...], false)
 2 SYSTEMPATH\Model.php(394): CodeIgniter\Database\BaseBuilder->insert()
 3 SYSTEMPATH\BaseModel.php(840): CodeIgniter\Model->doInsert([...])
 4 SYSTEMPATH\Model.php(802): CodeIgniter\BaseModel->insert([...], true)
 5 APPPATH\Controllers\PlanesController.php(43): CodeIgniter\Model->insert([...])
 6 SYSTEMPATH\CodeIgniter.php(933): App\Controllers\PlanesController->agregarPlan()
 7 SYSTEMPATH\CodeIgniter.php(509): CodeIgniter\CodeIgniter->runController(Object(App\Controllers\PlanesController))
 8 SYSTEMPATH\CodeIgniter.php(355): CodeIgniter\CodeIgniter->handleRequest(null, Object(Config\Cache), false)
 9 SYSTEMPATH\Boot.php(325): CodeIgniter\CodeIgniter->run()
10 SYSTEMPATH\Boot.php(67): CodeIgniter\Boot::runCodeIgniter(Object(CodeIgniter\CodeIgniter))
11 FCPATH\index.php(56): CodeIgniter\Boot::bootWeb(Object(Config\Paths))
CRITICAL - 2024-07-17 18:07:43 --> [Caused by] CodeIgniter\Database\Exceptions\DatabaseException: Duplicate entry '500' for key 'PRIMARY'
in SYSTEMPATH\Database\MySQLi\Connection.php on line 317.
 1 SYSTEMPATH\Database\BaseConnection.php(734): CodeIgniter\Database\MySQLi\Connection->execute('INSERT INTO `planes` (`plan_id`, `nombre`, `pago_mensual`, `cantidad_minutos`) VALUES (\'500\', \'estudiante\', \'410\', \'100\')')
 2 SYSTEMPATH\Database\BaseConnection.php(648): CodeIgniter\Database\BaseConnection->simpleQuery('INSERT INTO `planes` (`plan_id`, `nombre`, `pago_mensual`, `cantidad_minutos`) VALUES (\'500\', \'estudiante\', \'410\', \'100\')')
 3 SYSTEMPATH\Database\BaseBuilder.php(2332): CodeIgniter\Database\BaseConnection->query('INSERT INTO `planes` (`plan_id`, `nombre`, `pago_mensual`, `cantidad_minutos`) VALUES (:plan_id:, :nombre:, :pago_mensual:, :cantidad_minutos:)', [...], false)
 4 SYSTEMPATH\Model.php(394): CodeIgniter\Database\BaseBuilder->insert()
 5 SYSTEMPATH\BaseModel.php(840): CodeIgniter\Model->doInsert([...])
 6 SYSTEMPATH\Model.php(802): CodeIgniter\BaseModel->insert([...], true)
 7 APPPATH\Controllers\PlanesController.php(43): CodeIgniter\Model->insert([...])
 8 SYSTEMPATH\CodeIgniter.php(933): App\Controllers\PlanesController->agregarPlan()
 9 SYSTEMPATH\CodeIgniter.php(509): CodeIgniter\CodeIgniter->runController(Object(App\Controllers\PlanesController))
10 SYSTEMPATH\CodeIgniter.php(355): CodeIgniter\CodeIgniter->handleRequest(null, Object(Config\Cache), false)
11 SYSTEMPATH\Boot.php(325): CodeIgniter\CodeIgniter->run()
12 SYSTEMPATH\Boot.php(67): CodeIgniter\Boot::runCodeIgniter(Object(CodeIgniter\CodeIgniter))
13 FCPATH\index.php(56): CodeIgniter\Boot::bootWeb(Object(Config\Paths))
CRITICAL - 2024-07-17 18:07:43 --> [Caused by] mysqli_sql_exception: Duplicate entry '500' for key 'PRIMARY'
in SYSTEMPATH\Database\MySQLi\Connection.php on line 312.
 1 SYSTEMPATH\Database\MySQLi\Connection.php(312): mysqli->query('INSERT INTO `planes` (`plan_id`, `nombre`, `pago_mensual`, `cantidad_minutos`) VALUES (\'500\', \'estudiante\', \'410\', \'100\')', 0)
 2 SYSTEMPATH\Database\BaseConnection.php(734): CodeIgniter\Database\MySQLi\Connection->execute('INSERT INTO `planes` (`plan_id`, `nombre`, `pago_mensual`, `cantidad_minutos`) VALUES (\'500\', \'estudiante\', \'410\', \'100\')')
 3 SYSTEMPATH\Database\BaseConnection.php(648): CodeIgniter\Database\BaseConnection->simpleQuery('INSERT INTO `planes` (`plan_id`, `nombre`, `pago_mensual`, `cantidad_minutos`) VALUES (\'500\', \'estudiante\', \'410\', \'100\')')
 4 SYSTEMPATH\Database\BaseBuilder.php(2332): CodeIgniter\Database\BaseConnection->query('INSERT INTO `planes` (`plan_id`, `nombre`, `pago_mensual`, `cantidad_minutos`) VALUES (:plan_id:, :nombre:, :pago_mensual:, :cantidad_minutos:)', [...], false)
 5 SYSTEMPATH\Model.php(394): CodeIgniter\Database\BaseBuilder->insert()
 6 SYSTEMPATH\BaseModel.php(840): CodeIgniter\Model->doInsert([...])
 7 SYSTEMPATH\Model.php(802): CodeIgniter\BaseModel->insert([...], true)
 8 APPPATH\Controllers\PlanesController.php(43): CodeIgniter\Model->insert([...])
 9 SYSTEMPATH\CodeIgniter.php(933): App\Controllers\PlanesController->agregarPlan()
10 SYSTEMPATH\CodeIgniter.php(509): CodeIgniter\CodeIgniter->runController(Object(App\Controllers\PlanesController))
11 SYSTEMPATH\CodeIgniter.php(355): CodeIgniter\CodeIgniter->handleRequest(null, Object(Config\Cache), false)
12 SYSTEMPATH\Boot.php(325): CodeIgniter\CodeIgniter->run()
13 SYSTEMPATH\Boot.php(67): CodeIgniter\Boot::runCodeIgniter(Object(CodeIgniter\CodeIgniter))
14 FCPATH\index.php(56): CodeIgniter\Boot::bootWeb(Object(Config\Paths))
ERROR - 2024-07-17 18:07:47 --> mysqli_sql_exception: Duplicate entry '500' for key 'PRIMARY' in C:\xampp\htdocs\telefonia\system\Database\MySQLi\Connection.php:312
Stack trace:
#0 C:\xampp\htdocs\telefonia\system\Database\MySQLi\Connection.php(312): mysqli->query('INSERT INTO `pl...', 0)
#1 C:\xampp\htdocs\telefonia\system\Database\BaseConnection.php(734): CodeIgniter\Database\MySQLi\Connection->execute('INSERT INTO `pl...')
#2 C:\xampp\htdocs\telefonia\system\Database\BaseConnection.php(648): CodeIgniter\Database\BaseConnection->simpleQuery('INSERT INTO `pl...')
#3 C:\xampp\htdocs\telefonia\system\Database\BaseBuilder.php(2332): CodeIgniter\Database\BaseConnection->query('INSERT INTO `pl...', Array, false)
#4 C:\xampp\htdocs\telefonia\system\Model.php(394): CodeIgniter\Database\BaseBuilder->insert()
#5 C:\xampp\htdocs\telefonia\system\BaseModel.php(840): CodeIgniter\Model->doInsert(Array)
#6 C:\xampp\htdocs\telefonia\system\Model.php(802): CodeIgniter\BaseModel->insert(Array, true)
#7 C:\xampp\htdocs\telefonia\app\Controllers\PlanesController.php(43): CodeIgniter\Model->insert(Array)
#8 C:\xampp\htdocs\telefonia\system\CodeIgniter.php(933): App\Controllers\PlanesController->agregarPlan()
#9 C:\xampp\htdocs\telefonia\system\CodeIgniter.php(509): CodeIgniter\CodeIgniter->runController(Object(App\Controllers\PlanesController))
#10 C:\xampp\htdocs\telefonia\system\CodeIgniter.php(355): CodeIgniter\CodeIgniter->handleRequest(NULL, Object(Config\Cache), false)
#11 C:\xampp\htdocs\telefonia\system\Boot.php(325): CodeIgniter\CodeIgniter->run()
#12 C:\xampp\htdocs\telefonia\system\Boot.php(67): CodeIgniter\Boot::runCodeIgniter(Object(CodeIgniter\CodeIgniter))
#13 C:\xampp\htdocs\telefonia\public\index.php(56): CodeIgniter\Boot::bootWeb(Object(Config\Paths))
#14 {main}
CRITICAL - 2024-07-17 18:07:47 --> CodeIgniter\Database\Exceptions\DatabaseException: Duplicate entry '500' for key 'PRIMARY'
[Method: POST, Route: agregar_plan]
in SYSTEMPATH\Database\BaseConnection.php on line 688.
 1 SYSTEMPATH\Database\BaseBuilder.php(2332): CodeIgniter\Database\BaseConnection->query('INSERT INTO `planes` (`plan_id`, `nombre`, `pago_mensual`, `cantidad_minutos`) VALUES (:plan_id:, :nombre:, :pago_mensual:, :cantidad_minutos:)', [...], false)
 2 SYSTEMPATH\Model.php(394): CodeIgniter\Database\BaseBuilder->insert()
 3 SYSTEMPATH\BaseModel.php(840): CodeIgniter\Model->doInsert([...])
 4 SYSTEMPATH\Model.php(802): CodeIgniter\BaseModel->insert([...], true)
 5 APPPATH\Controllers\PlanesController.php(43): CodeIgniter\Model->insert([...])
 6 SYSTEMPATH\CodeIgniter.php(933): App\Controllers\PlanesController->agregarPlan()
 7 SYSTEMPATH\CodeIgniter.php(509): CodeIgniter\CodeIgniter->runController(Object(App\Controllers\PlanesController))
 8 SYSTEMPATH\CodeIgniter.php(355): CodeIgniter\CodeIgniter->handleRequest(null, Object(Config\Cache), false)
 9 SYSTEMPATH\Boot.php(325): CodeIgniter\CodeIgniter->run()
10 SYSTEMPATH\Boot.php(67): CodeIgniter\Boot::runCodeIgniter(Object(CodeIgniter\CodeIgniter))
11 FCPATH\index.php(56): CodeIgniter\Boot::bootWeb(Object(Config\Paths))
CRITICAL - 2024-07-17 18:07:47 --> [Caused by] CodeIgniter\Database\Exceptions\DatabaseException: Duplicate entry '500' for key 'PRIMARY'
in SYSTEMPATH\Database\MySQLi\Connection.php on line 317.
 1 SYSTEMPATH\Database\BaseConnection.php(734): CodeIgniter\Database\MySQLi\Connection->execute('INSERT INTO `planes` (`plan_id`, `nombre`, `pago_mensual`, `cantidad_minutos`) VALUES (\'500\', \'estudiante\', \'410\', \'100\')')
 2 SYSTEMPATH\Database\BaseConnection.php(648): CodeIgniter\Database\BaseConnection->simpleQuery('INSERT INTO `planes` (`plan_id`, `nombre`, `pago_mensual`, `cantidad_minutos`) VALUES (\'500\', \'estudiante\', \'410\', \'100\')')
 3 SYSTEMPATH\Database\BaseBuilder.php(2332): CodeIgniter\Database\BaseConnection->query('INSERT INTO `planes` (`plan_id`, `nombre`, `pago_mensual`, `cantidad_minutos`) VALUES (:plan_id:, :nombre:, :pago_mensual:, :cantidad_minutos:)', [...], false)
 4 SYSTEMPATH\Model.php(394): CodeIgniter\Database\BaseBuilder->insert()
 5 SYSTEMPATH\BaseModel.php(840): CodeIgniter\Model->doInsert([...])
 6 SYSTEMPATH\Model.php(802): CodeIgniter\BaseModel->insert([...], true)
 7 APPPATH\Controllers\PlanesController.php(43): CodeIgniter\Model->insert([...])
 8 SYSTEMPATH\CodeIgniter.php(933): App\Controllers\PlanesController->agregarPlan()
 9 SYSTEMPATH\CodeIgniter.php(509): CodeIgniter\CodeIgniter->runController(Object(App\Controllers\PlanesController))
10 SYSTEMPATH\CodeIgniter.php(355): CodeIgniter\CodeIgniter->handleRequest(null, Object(Config\Cache), false)
11 SYSTEMPATH\Boot.php(325): CodeIgniter\CodeIgniter->run()
12 SYSTEMPATH\Boot.php(67): CodeIgniter\Boot::runCodeIgniter(Object(CodeIgniter\CodeIgniter))
13 FCPATH\index.php(56): CodeIgniter\Boot::bootWeb(Object(Config\Paths))
CRITICAL - 2024-07-17 18:07:47 --> [Caused by] mysqli_sql_exception: Duplicate entry '500' for key 'PRIMARY'
in SYSTEMPATH\Database\MySQLi\Connection.php on line 312.
 1 SYSTEMPATH\Database\MySQLi\Connection.php(312): mysqli->query('INSERT INTO `planes` (`plan_id`, `nombre`, `pago_mensual`, `cantidad_minutos`) VALUES (\'500\', \'estudiante\', \'410\', \'100\')', 0)
 2 SYSTEMPATH\Database\BaseConnection.php(734): CodeIgniter\Database\MySQLi\Connection->execute('INSERT INTO `planes` (`plan_id`, `nombre`, `pago_mensual`, `cantidad_minutos`) VALUES (\'500\', \'estudiante\', \'410\', \'100\')')
 3 SYSTEMPATH\Database\BaseConnection.php(648): CodeIgniter\Database\BaseConnection->simpleQuery('INSERT INTO `planes` (`plan_id`, `nombre`, `pago_mensual`, `cantidad_minutos`) VALUES (\'500\', \'estudiante\', \'410\', \'100\')')
 4 SYSTEMPATH\Database\BaseBuilder.php(2332): CodeIgniter\Database\BaseConnection->query('INSERT INTO `planes` (`plan_id`, `nombre`, `pago_mensual`, `cantidad_minutos`) VALUES (:plan_id:, :nombre:, :pago_mensual:, :cantidad_minutos:)', [...], false)
 5 SYSTEMPATH\Model.php(394): CodeIgniter\Database\BaseBuilder->insert()
 6 SYSTEMPATH\BaseModel.php(840): CodeIgniter\Model->doInsert([...])
 7 SYSTEMPATH\Model.php(802): CodeIgniter\BaseModel->insert([...], true)
 8 APPPATH\Controllers\PlanesController.php(43): CodeIgniter\Model->insert([...])
 9 SYSTEMPATH\CodeIgniter.php(933): App\Controllers\PlanesController->agregarPlan()
10 SYSTEMPATH\CodeIgniter.php(509): CodeIgniter\CodeIgniter->runController(Object(App\Controllers\PlanesController))
11 SYSTEMPATH\CodeIgniter.php(355): CodeIgniter\CodeIgniter->handleRequest(null, Object(Config\Cache), false)
12 SYSTEMPATH\Boot.php(325): CodeIgniter\CodeIgniter->run()
13 SYSTEMPATH\Boot.php(67): CodeIgniter\Boot::runCodeIgniter(Object(CodeIgniter\CodeIgniter))
14 FCPATH\index.php(56): CodeIgniter\Boot::bootWeb(Object(Config\Paths))
ERROR - 2024-07-17 18:07:53 --> mysqli_sql_exception: Duplicate entry '500' for key 'PRIMARY' in C:\xampp\htdocs\telefonia\system\Database\MySQLi\Connection.php:312
Stack trace:
#0 C:\xampp\htdocs\telefonia\system\Database\MySQLi\Connection.php(312): mysqli->query('INSERT INTO `pl...', 0)
#1 C:\xampp\htdocs\telefonia\system\Database\BaseConnection.php(734): CodeIgniter\Database\MySQLi\Connection->execute('INSERT INTO `pl...')
#2 C:\xampp\htdocs\telefonia\system\Database\BaseConnection.php(648): CodeIgniter\Database\BaseConnection->simpleQuery('INSERT INTO `pl...')
#3 C:\xampp\htdocs\telefonia\system\Database\BaseBuilder.php(2332): CodeIgniter\Database\BaseConnection->query('INSERT INTO `pl...', Array, false)
#4 C:\xampp\htdocs\telefonia\system\Model.php(394): CodeIgniter\Database\BaseBuilder->insert()
#5 C:\xampp\htdocs\telefonia\system\BaseModel.php(840): CodeIgniter\Model->doInsert(Array)
#6 C:\xampp\htdocs\telefonia\system\Model.php(802): CodeIgniter\BaseModel->insert(Array, true)
#7 C:\xampp\htdocs\telefonia\app\Controllers\PlanesController.php(43): CodeIgniter\Model->insert(Array)
#8 C:\xampp\htdocs\telefonia\system\CodeIgniter.php(933): App\Controllers\PlanesController->agregarPlan()
#9 C:\xampp\htdocs\telefonia\system\CodeIgniter.php(509): CodeIgniter\CodeIgniter->runController(Object(App\Controllers\PlanesController))
#10 C:\xampp\htdocs\telefonia\system\CodeIgniter.php(355): CodeIgniter\CodeIgniter->handleRequest(NULL, Object(Config\Cache), false)
#11 C:\xampp\htdocs\telefonia\system\Boot.php(325): CodeIgniter\CodeIgniter->run()
#12 C:\xampp\htdocs\telefonia\system\Boot.php(67): CodeIgniter\Boot::runCodeIgniter(Object(CodeIgniter\CodeIgniter))
#13 C:\xampp\htdocs\telefonia\public\index.php(56): CodeIgniter\Boot::bootWeb(Object(Config\Paths))
#14 {main}
CRITICAL - 2024-07-17 18:07:53 --> CodeIgniter\Database\Exceptions\DatabaseException: Duplicate entry '500' for key 'PRIMARY'
[Method: POST, Route: agregar_plan]
in SYSTEMPATH\Database\BaseConnection.php on line 688.
 1 SYSTEMPATH\Database\BaseBuilder.php(2332): CodeIgniter\Database\BaseConnection->query('INSERT INTO `planes` (`plan_id`, `nombre`, `pago_mensual`, `cantidad_minutos`) VALUES (:plan_id:, :nombre:, :pago_mensual:, :cantidad_minutos:)', [...], false)
 2 SYSTEMPATH\Model.php(394): CodeIgniter\Database\BaseBuilder->insert()
 3 SYSTEMPATH\BaseModel.php(840): CodeIgniter\Model->doInsert([...])
 4 SYSTEMPATH\Model.php(802): CodeIgniter\BaseModel->insert([...], true)
 5 APPPATH\Controllers\PlanesController.php(43): CodeIgniter\Model->insert([...])
 6 SYSTEMPATH\CodeIgniter.php(933): App\Controllers\PlanesController->agregarPlan()
 7 SYSTEMPATH\CodeIgniter.php(509): CodeIgniter\CodeIgniter->runController(Object(App\Controllers\PlanesController))
 8 SYSTEMPATH\CodeIgniter.php(355): CodeIgniter\CodeIgniter->handleRequest(null, Object(Config\Cache), false)
 9 SYSTEMPATH\Boot.php(325): CodeIgniter\CodeIgniter->run()
10 SYSTEMPATH\Boot.php(67): CodeIgniter\Boot::runCodeIgniter(Object(CodeIgniter\CodeIgniter))
11 FCPATH\index.php(56): CodeIgniter\Boot::bootWeb(Object(Config\Paths))
CRITICAL - 2024-07-17 18:07:53 --> [Caused by] CodeIgniter\Database\Exceptions\DatabaseException: Duplicate entry '500' for key 'PRIMARY'
in SYSTEMPATH\Database\MySQLi\Connection.php on line 317.
 1 SYSTEMPATH\Database\BaseConnection.php(734): CodeIgniter\Database\MySQLi\Connection->execute('INSERT INTO `planes` (`plan_id`, `nombre`, `pago_mensual`, `cantidad_minutos`) VALUES (\'500\', \'estudiante\', \'410\', \'100\')')
 2 SYSTEMPATH\Database\BaseConnection.php(648): CodeIgniter\Database\BaseConnection->simpleQuery('INSERT INTO `planes` (`plan_id`, `nombre`, `pago_mensual`, `cantidad_minutos`) VALUES (\'500\', \'estudiante\', \'410\', \'100\')')
 3 SYSTEMPATH\Database\BaseBuilder.php(2332): CodeIgniter\Database\BaseConnection->query('INSERT INTO `planes` (`plan_id`, `nombre`, `pago_mensual`, `cantidad_minutos`) VALUES (:plan_id:, :nombre:, :pago_mensual:, :cantidad_minutos:)', [...], false)
 4 SYSTEMPATH\Model.php(394): CodeIgniter\Database\BaseBuilder->insert()
 5 SYSTEMPATH\BaseModel.php(840): CodeIgniter\Model->doInsert([...])
 6 SYSTEMPATH\Model.php(802): CodeIgniter\BaseModel->insert([...], true)
 7 APPPATH\Controllers\PlanesController.php(43): CodeIgniter\Model->insert([...])
 8 SYSTEMPATH\CodeIgniter.php(933): App\Controllers\PlanesController->agregarPlan()
 9 SYSTEMPATH\CodeIgniter.php(509): CodeIgniter\CodeIgniter->runController(Object(App\Controllers\PlanesController))
10 SYSTEMPATH\CodeIgniter.php(355): CodeIgniter\CodeIgniter->handleRequest(null, Object(Config\Cache), false)
11 SYSTEMPATH\Boot.php(325): CodeIgniter\CodeIgniter->run()
12 SYSTEMPATH\Boot.php(67): CodeIgniter\Boot::runCodeIgniter(Object(CodeIgniter\CodeIgniter))
13 FCPATH\index.php(56): CodeIgniter\Boot::bootWeb(Object(Config\Paths))
CRITICAL - 2024-07-17 18:07:53 --> [Caused by] mysqli_sql_exception: Duplicate entry '500' for key 'PRIMARY'
in SYSTEMPATH\Database\MySQLi\Connection.php on line 312.
 1 SYSTEMPATH\Database\MySQLi\Connection.php(312): mysqli->query('INSERT INTO `planes` (`plan_id`, `nombre`, `pago_mensual`, `cantidad_minutos`) VALUES (\'500\', \'estudiante\', \'410\', \'100\')', 0)
 2 SYSTEMPATH\Database\BaseConnection.php(734): CodeIgniter\Database\MySQLi\Connection->execute('INSERT INTO `planes` (`plan_id`, `nombre`, `pago_mensual`, `cantidad_minutos`) VALUES (\'500\', \'estudiante\', \'410\', \'100\')')
 3 SYSTEMPATH\Database\BaseConnection.php(648): CodeIgniter\Database\BaseConnection->simpleQuery('INSERT INTO `planes` (`plan_id`, `nombre`, `pago_mensual`, `cantidad_minutos`) VALUES (\'500\', \'estudiante\', \'410\', \'100\')')
 4 SYSTEMPATH\Database\BaseBuilder.php(2332): CodeIgniter\Database\BaseConnection->query('INSERT INTO `planes` (`plan_id`, `nombre`, `pago_mensual`, `cantidad_minutos`) VALUES (:plan_id:, :nombre:, :pago_mensual:, :cantidad_minutos:)', [...], false)
 5 SYSTEMPATH\Model.php(394): CodeIgniter\Database\BaseBuilder->insert()
 6 SYSTEMPATH\BaseModel.php(840): CodeIgniter\Model->doInsert([...])
 7 SYSTEMPATH\Model.php(802): CodeIgniter\BaseModel->insert([...], true)
 8 APPPATH\Controllers\PlanesController.php(43): CodeIgniter\Model->insert([...])
 9 SYSTEMPATH\CodeIgniter.php(933): App\Controllers\PlanesController->agregarPlan()
10 SYSTEMPATH\CodeIgniter.php(509): CodeIgniter\CodeIgniter->runController(Object(App\Controllers\PlanesController))
11 SYSTEMPATH\CodeIgniter.php(355): CodeIgniter\CodeIgniter->handleRequest(null, Object(Config\Cache), false)
12 SYSTEMPATH\Boot.php(325): CodeIgniter\CodeIgniter->run()
13 SYSTEMPATH\Boot.php(67): CodeIgniter\Boot::runCodeIgniter(Object(CodeIgniter\CodeIgniter))
14 FCPATH\index.php(56): CodeIgniter\Boot::bootWeb(Object(Config\Paths))
ERROR - 2024-07-17 18:08:23 --> mysqli_sql_exception: Duplicate entry '500' for key 'PRIMARY' in C:\xampp\htdocs\telefonia\system\Database\MySQLi\Connection.php:312
Stack trace:
#0 C:\xampp\htdocs\telefonia\system\Database\MySQLi\Connection.php(312): mysqli->query('INSERT INTO `pl...', 0)
#1 C:\xampp\htdocs\telefonia\system\Database\BaseConnection.php(734): CodeIgniter\Database\MySQLi\Connection->execute('INSERT INTO `pl...')
#2 C:\xampp\htdocs\telefonia\system\Database\BaseConnection.php(648): CodeIgniter\Database\BaseConnection->simpleQuery('INSERT INTO `pl...')
#3 C:\xampp\htdocs\telefonia\system\Database\BaseBuilder.php(2332): CodeIgniter\Database\BaseConnection->query('INSERT INTO `pl...', Array, false)
#4 C:\xampp\htdocs\telefonia\system\Model.php(394): CodeIgniter\Database\BaseBuilder->insert()
#5 C:\xampp\htdocs\telefonia\system\BaseModel.php(840): CodeIgniter\Model->doInsert(Array)
#6 C:\xampp\htdocs\telefonia\system\Model.php(802): CodeIgniter\BaseModel->insert(Array, true)
#7 C:\xampp\htdocs\telefonia\app\Controllers\PlanesController.php(43): CodeIgniter\Model->insert(Array)
#8 C:\xampp\htdocs\telefonia\system\CodeIgniter.php(933): App\Controllers\PlanesController->agregarPlan()
#9 C:\xampp\htdocs\telefonia\system\CodeIgniter.php(509): CodeIgniter\CodeIgniter->runController(Object(App\Controllers\PlanesController))
#10 C:\xampp\htdocs\telefonia\system\CodeIgniter.php(355): CodeIgniter\CodeIgniter->handleRequest(NULL, Object(Config\Cache), false)
#11 C:\xampp\htdocs\telefonia\system\Boot.php(325): CodeIgniter\CodeIgniter->run()
#12 C:\xampp\htdocs\telefonia\system\Boot.php(67): CodeIgniter\Boot::runCodeIgniter(Object(CodeIgniter\CodeIgniter))
#13 C:\xampp\htdocs\telefonia\public\index.php(56): CodeIgniter\Boot::bootWeb(Object(Config\Paths))
#14 {main}
CRITICAL - 2024-07-17 18:08:23 --> CodeIgniter\Database\Exceptions\DatabaseException: Duplicate entry '500' for key 'PRIMARY'
[Method: POST, Route: agregar_plan]
in SYSTEMPATH\Database\BaseConnection.php on line 688.
 1 SYSTEMPATH\Database\BaseBuilder.php(2332): CodeIgniter\Database\BaseConnection->query('INSERT INTO `planes` (`plan_id`, `nombre`, `pago_mensual`, `cantidad_minutos`) VALUES (:plan_id:, :nombre:, :pago_mensual:, :cantidad_minutos:)', [...], false)
 2 SYSTEMPATH\Model.php(394): CodeIgniter\Database\BaseBuilder->insert()
 3 SYSTEMPATH\BaseModel.php(840): CodeIgniter\Model->doInsert([...])
 4 SYSTEMPATH\Model.php(802): CodeIgniter\BaseModel->insert([...], true)
 5 APPPATH\Controllers\PlanesController.php(43): CodeIgniter\Model->insert([...])
 6 SYSTEMPATH\CodeIgniter.php(933): App\Controllers\PlanesController->agregarPlan()
 7 SYSTEMPATH\CodeIgniter.php(509): CodeIgniter\CodeIgniter->runController(Object(App\Controllers\PlanesController))
 8 SYSTEMPATH\CodeIgniter.php(355): CodeIgniter\CodeIgniter->handleRequest(null, Object(Config\Cache), false)
 9 SYSTEMPATH\Boot.php(325): CodeIgniter\CodeIgniter->run()
10 SYSTEMPATH\Boot.php(67): CodeIgniter\Boot::runCodeIgniter(Object(CodeIgniter\CodeIgniter))
11 FCPATH\index.php(56): CodeIgniter\Boot::bootWeb(Object(Config\Paths))
CRITICAL - 2024-07-17 18:08:23 --> [Caused by] CodeIgniter\Database\Exceptions\DatabaseException: Duplicate entry '500' for key 'PRIMARY'
in SYSTEMPATH\Database\MySQLi\Connection.php on line 317.
 1 SYSTEMPATH\Database\BaseConnection.php(734): CodeIgniter\Database\MySQLi\Connection->execute('INSERT INTO `planes` (`plan_id`, `nombre`, `pago_mensual`, `cantidad_minutos`) VALUES (\'500\', \'estudiante\', \'410\', \'100\')')
 2 SYSTEMPATH\Database\BaseConnection.php(648): CodeIgniter\Database\BaseConnection->simpleQuery('INSERT INTO `planes` (`plan_id`, `nombre`, `pago_mensual`, `cantidad_minutos`) VALUES (\'500\', \'estudiante\', \'410\', \'100\')')
 3 SYSTEMPATH\Database\BaseBuilder.php(2332): CodeIgniter\Database\BaseConnection->query('INSERT INTO `planes` (`plan_id`, `nombre`, `pago_mensual`, `cantidad_minutos`) VALUES (:plan_id:, :nombre:, :pago_mensual:, :cantidad_minutos:)', [...], false)
 4 SYSTEMPATH\Model.php(394): CodeIgniter\Database\BaseBuilder->insert()
 5 SYSTEMPATH\BaseModel.php(840): CodeIgniter\Model->doInsert([...])
 6 SYSTEMPATH\Model.php(802): CodeIgniter\BaseModel->insert([...], true)
 7 APPPATH\Controllers\PlanesController.php(43): CodeIgniter\Model->insert([...])
 8 SYSTEMPATH\CodeIgniter.php(933): App\Controllers\PlanesController->agregarPlan()
 9 SYSTEMPATH\CodeIgniter.php(509): CodeIgniter\CodeIgniter->runController(Object(App\Controllers\PlanesController))
10 SYSTEMPATH\CodeIgniter.php(355): CodeIgniter\CodeIgniter->handleRequest(null, Object(Config\Cache), false)
11 SYSTEMPATH\Boot.php(325): CodeIgniter\CodeIgniter->run()
12 SYSTEMPATH\Boot.php(67): CodeIgniter\Boot::runCodeIgniter(Object(CodeIgniter\CodeIgniter))
13 FCPATH\index.php(56): CodeIgniter\Boot::bootWeb(Object(Config\Paths))
CRITICAL - 2024-07-17 18:08:23 --> [Caused by] mysqli_sql_exception: Duplicate entry '500' for key 'PRIMARY'
in SYSTEMPATH\Database\MySQLi\Connection.php on line 312.
 1 SYSTEMPATH\Database\MySQLi\Connection.php(312): mysqli->query('INSERT INTO `planes` (`plan_id`, `nombre`, `pago_mensual`, `cantidad_minutos`) VALUES (\'500\', \'estudiante\', \'410\', \'100\')', 0)
 2 SYSTEMPATH\Database\BaseConnection.php(734): CodeIgniter\Database\MySQLi\Connection->execute('INSERT INTO `planes` (`plan_id`, `nombre`, `pago_mensual`, `cantidad_minutos`) VALUES (\'500\', \'estudiante\', \'410\', \'100\')')
 3 SYSTEMPATH\Database\BaseConnection.php(648): CodeIgniter\Database\BaseConnection->simpleQuery('INSERT INTO `planes` (`plan_id`, `nombre`, `pago_mensual`, `cantidad_minutos`) VALUES (\'500\', \'estudiante\', \'410\', \'100\')')
 4 SYSTEMPATH\Database\BaseBuilder.php(2332): CodeIgniter\Database\BaseConnection->query('INSERT INTO `planes` (`plan_id`, `nombre`, `pago_mensual`, `cantidad_minutos`) VALUES (:plan_id:, :nombre:, :pago_mensual:, :cantidad_minutos:)', [...], false)
 5 SYSTEMPATH\Model.php(394): CodeIgniter\Database\BaseBuilder->insert()
 6 SYSTEMPATH\BaseModel.php(840): CodeIgniter\Model->doInsert([...])
 7 SYSTEMPATH\Model.php(802): CodeIgniter\BaseModel->insert([...], true)
 8 APPPATH\Controllers\PlanesController.php(43): CodeIgniter\Model->insert([...])
 9 SYSTEMPATH\CodeIgniter.php(933): App\Controllers\PlanesController->agregarPlan()
10 SYSTEMPATH\CodeIgniter.php(509): CodeIgniter\CodeIgniter->runController(Object(App\Controllers\PlanesController))
11 SYSTEMPATH\CodeIgniter.php(355): CodeIgniter\CodeIgniter->handleRequest(null, Object(Config\Cache), false)
12 SYSTEMPATH\Boot.php(325): CodeIgniter\CodeIgniter->run()
13 SYSTEMPATH\Boot.php(67): CodeIgniter\Boot::runCodeIgniter(Object(CodeIgniter\CodeIgniter))
14 FCPATH\index.php(56): CodeIgniter\Boot::bootWeb(Object(Config\Paths))
ERROR - 2024-07-17 18:08:26 --> mysqli_sql_exception: Duplicate entry '500' for key 'PRIMARY' in C:\xampp\htdocs\telefonia\system\Database\MySQLi\Connection.php:312
Stack trace:
#0 C:\xampp\htdocs\telefonia\system\Database\MySQLi\Connection.php(312): mysqli->query('INSERT INTO `pl...', 0)
#1 C:\xampp\htdocs\telefonia\system\Database\BaseConnection.php(734): CodeIgniter\Database\MySQLi\Connection->execute('INSERT INTO `pl...')
#2 C:\xampp\htdocs\telefonia\system\Database\BaseConnection.php(648): CodeIgniter\Database\BaseConnection->simpleQuery('INSERT INTO `pl...')
#3 C:\xampp\htdocs\telefonia\system\Database\BaseBuilder.php(2332): CodeIgniter\Database\BaseConnection->query('INSERT INTO `pl...', Array, false)
#4 C:\xampp\htdocs\telefonia\system\Model.php(394): CodeIgniter\Database\BaseBuilder->insert()
#5 C:\xampp\htdocs\telefonia\system\BaseModel.php(840): CodeIgniter\Model->doInsert(Array)
#6 C:\xampp\htdocs\telefonia\system\Model.php(802): CodeIgniter\BaseModel->insert(Array, true)
#7 C:\xampp\htdocs\telefonia\app\Controllers\PlanesController.php(43): CodeIgniter\Model->insert(Array)
#8 C:\xampp\htdocs\telefonia\system\CodeIgniter.php(933): App\Controllers\PlanesController->agregarPlan()
#9 C:\xampp\htdocs\telefonia\system\CodeIgniter.php(509): CodeIgniter\CodeIgniter->runController(Object(App\Controllers\PlanesController))
#10 C:\xampp\htdocs\telefonia\system\CodeIgniter.php(355): CodeIgniter\CodeIgniter->handleRequest(NULL, Object(Config\Cache), false)
#11 C:\xampp\htdocs\telefonia\system\Boot.php(325): CodeIgniter\CodeIgniter->run()
#12 C:\xampp\htdocs\telefonia\system\Boot.php(67): CodeIgniter\Boot::runCodeIgniter(Object(CodeIgniter\CodeIgniter))
#13 C:\xampp\htdocs\telefonia\public\index.php(56): CodeIgniter\Boot::bootWeb(Object(Config\Paths))
#14 {main}
CRITICAL - 2024-07-17 18:08:26 --> CodeIgniter\Database\Exceptions\DatabaseException: Duplicate entry '500' for key 'PRIMARY'
[Method: POST, Route: agregar_plan]
in SYSTEMPATH\Database\BaseConnection.php on line 688.
 1 SYSTEMPATH\Database\BaseBuilder.php(2332): CodeIgniter\Database\BaseConnection->query('INSERT INTO `planes` (`plan_id`, `nombre`, `pago_mensual`, `cantidad_minutos`) VALUES (:plan_id:, :nombre:, :pago_mensual:, :cantidad_minutos:)', [...], false)
 2 SYSTEMPATH\Model.php(394): CodeIgniter\Database\BaseBuilder->insert()
 3 SYSTEMPATH\BaseModel.php(840): CodeIgniter\Model->doInsert([...])
 4 SYSTEMPATH\Model.php(802): CodeIgniter\BaseModel->insert([...], true)
 5 APPPATH\Controllers\PlanesController.php(43): CodeIgniter\Model->insert([...])
 6 SYSTEMPATH\CodeIgniter.php(933): App\Controllers\PlanesController->agregarPlan()
 7 SYSTEMPATH\CodeIgniter.php(509): CodeIgniter\CodeIgniter->runController(Object(App\Controllers\PlanesController))
 8 SYSTEMPATH\CodeIgniter.php(355): CodeIgniter\CodeIgniter->handleRequest(null, Object(Config\Cache), false)
 9 SYSTEMPATH\Boot.php(325): CodeIgniter\CodeIgniter->run()
10 SYSTEMPATH\Boot.php(67): CodeIgniter\Boot::runCodeIgniter(Object(CodeIgniter\CodeIgniter))
11 FCPATH\index.php(56): CodeIgniter\Boot::bootWeb(Object(Config\Paths))
CRITICAL - 2024-07-17 18:08:26 --> [Caused by] CodeIgniter\Database\Exceptions\DatabaseException: Duplicate entry '500' for key 'PRIMARY'
in SYSTEMPATH\Database\MySQLi\Connection.php on line 317.
 1 SYSTEMPATH\Database\BaseConnection.php(734): CodeIgniter\Database\MySQLi\Connection->execute('INSERT INTO `planes` (`plan_id`, `nombre`, `pago_mensual`, `cantidad_minutos`) VALUES (\'500\', \'estudiante\', \'410\', \'100\')')
 2 SYSTEMPATH\Database\BaseConnection.php(648): CodeIgniter\Database\BaseConnection->simpleQuery('INSERT INTO `planes` (`plan_id`, `nombre`, `pago_mensual`, `cantidad_minutos`) VALUES (\'500\', \'estudiante\', \'410\', \'100\')')
 3 SYSTEMPATH\Database\BaseBuilder.php(2332): CodeIgniter\Database\BaseConnection->query('INSERT INTO `planes` (`plan_id`, `nombre`, `pago_mensual`, `cantidad_minutos`) VALUES (:plan_id:, :nombre:, :pago_mensual:, :cantidad_minutos:)', [...], false)
 4 SYSTEMPATH\Model.php(394): CodeIgniter\Database\BaseBuilder->insert()
 5 SYSTEMPATH\BaseModel.php(840): CodeIgniter\Model->doInsert([...])
 6 SYSTEMPATH\Model.php(802): CodeIgniter\BaseModel->insert([...], true)
 7 APPPATH\Controllers\PlanesController.php(43): CodeIgniter\Model->insert([...])
 8 SYSTEMPATH\CodeIgniter.php(933): App\Controllers\PlanesController->agregarPlan()
 9 SYSTEMPATH\CodeIgniter.php(509): CodeIgniter\CodeIgniter->runController(Object(App\Controllers\PlanesController))
10 SYSTEMPATH\CodeIgniter.php(355): CodeIgniter\CodeIgniter->handleRequest(null, Object(Config\Cache), false)
11 SYSTEMPATH\Boot.php(325): CodeIgniter\CodeIgniter->run()
12 SYSTEMPATH\Boot.php(67): CodeIgniter\Boot::runCodeIgniter(Object(CodeIgniter\CodeIgniter))
13 FCPATH\index.php(56): CodeIgniter\Boot::bootWeb(Object(Config\Paths))
CRITICAL - 2024-07-17 18:08:26 --> [Caused by] mysqli_sql_exception: Duplicate entry '500' for key 'PRIMARY'
in SYSTEMPATH\Database\MySQLi\Connection.php on line 312.
 1 SYSTEMPATH\Database\MySQLi\Connection.php(312): mysqli->query('INSERT INTO `planes` (`plan_id`, `nombre`, `pago_mensual`, `cantidad_minutos`) VALUES (\'500\', \'estudiante\', \'410\', \'100\')', 0)
 2 SYSTEMPATH\Database\BaseConnection.php(734): CodeIgniter\Database\MySQLi\Connection->execute('INSERT INTO `planes` (`plan_id`, `nombre`, `pago_mensual`, `cantidad_minutos`) VALUES (\'500\', \'estudiante\', \'410\', \'100\')')
 3 SYSTEMPATH\Database\BaseConnection.php(648): CodeIgniter\Database\BaseConnection->simpleQuery('INSERT INTO `planes` (`plan_id`, `nombre`, `pago_mensual`, `cantidad_minutos`) VALUES (\'500\', \'estudiante\', \'410\', \'100\')')
 4 SYSTEMPATH\Database\BaseBuilder.php(2332): CodeIgniter\Database\BaseConnection->query('INSERT INTO `planes` (`plan_id`, `nombre`, `pago_mensual`, `cantidad_minutos`) VALUES (:plan_id:, :nombre:, :pago_mensual:, :cantidad_minutos:)', [...], false)
 5 SYSTEMPATH\Model.php(394): CodeIgniter\Database\BaseBuilder->insert()
 6 SYSTEMPATH\BaseModel.php(840): CodeIgniter\Model->doInsert([...])
 7 SYSTEMPATH\Model.php(802): CodeIgniter\BaseModel->insert([...], true)
 8 APPPATH\Controllers\PlanesController.php(43): CodeIgniter\Model->insert([...])
 9 SYSTEMPATH\CodeIgniter.php(933): App\Controllers\PlanesController->agregarPlan()
10 SYSTEMPATH\CodeIgniter.php(509): CodeIgniter\CodeIgniter->runController(Object(App\Controllers\PlanesController))
11 SYSTEMPATH\CodeIgniter.php(355): CodeIgniter\CodeIgniter->handleRequest(null, Object(Config\Cache), false)
12 SYSTEMPATH\Boot.php(325): CodeIgniter\CodeIgniter->run()
13 SYSTEMPATH\Boot.php(67): CodeIgniter\Boot::runCodeIgniter(Object(CodeIgniter\CodeIgniter))
14 FCPATH\index.php(56): CodeIgniter\Boot::bootWeb(Object(Config\Paths))
